<?xml version="1.0" encoding="UTF-8"?>
<testsuite xmlns:xsi="http://www.w3.org/2001/XMLSchema-instance" xsi:noNamespaceSchemaLocation="https://maven.apache.org/surefire/maven-surefire-plugin/xsd/surefire-test-report.xsd" name="TestSuite" time="16.9" tests="8" errors="0" skipped="0" failures="0">
  <properties>
[...]
</properties>
  <testcase name="testLikeStatus on testLikeStatus(com.sonichollow.forum.service.PostServiceTests)" classname="com.sonichollow.forum.service.PostServiceTests" time="3.034"/>
  <testcase name="testGetCount on testGetCount(com.sonichollow.forum.service.PostServiceTests)" classname="com.sonichollow.forum.service.PostServiceTests" time="0.138"/>
  <testcase name="testClickLikes on testClickLikes(com.sonichollow.forum.service.PostServiceTests)" classname="com.sonichollow.forum.service.PostServiceTests" time="0.109"/>
  <testcase name="testSavePost on testSavePost(com.sonichollow.forum.service.PostServiceTests)" classname="com.sonichollow.forum.service.PostServiceTests" time="0.11"/>
  <testcase name="testGetPostByPid on testGetPostByPid(com.sonichollow.forum.service.PostServiceTests)" classname="com.sonichollow.forum.service.PostServiceTests" time="0.146"/>
  <testcase name="testHash on testHash(com.sonichollow.forum.service.PostServiceTests)" classname="com.sonichollow.forum.service.PostServiceTests" time="0.144"/>
  <testcase name="testPublish on testPublish(com.sonichollow.forum.service.PostServiceTests)" classname="com.sonichollow.forum.service.PostServiceTests" time="0.11"/>
  <testcase name="testString on testString(com.sonichollow.forum.service.PostServiceTests)" classname="com.sonichollow.forum.service.PostServiceTests" time="0.062"/>
</testsuite>