<?xml version="1.0" encoding="UTF-8"?>
<!-- Generated by org.testng.reporters.JUnitXMLReporter -->
<testsuite ignored="0" hostname="surface" failures="0" tests="8" name="Surefire test" time="15.097" errors="0" timestamp="2022-05-22T03:56:36 CST">
  <testcase classname="com.sonichollow.forum.service.PostServiceTests" name="testLikeStatus on testLikeStatus(com.sonichollow.forum.service.PostServiceTests)" time="13.607"/>
  <testcase classname="com.sonichollow.forum.service.PostServiceTests" name="testGetCount on testGetCount(com.sonichollow.forum.service.PostServiceTests)" time="13.76"/>
  <testcase classname="com.sonichollow.forum.service.PostServiceTests" name="testClickLikes on testClickLikes(com.sonichollow.forum.service.PostServiceTests)" time="13.869"/>
  <testcase classname="com.sonichollow.forum.service.PostServiceTests" name="testSavePost on testSavePost(com.sonichollow.forum.service.PostServiceTests)" time="13.979"/>
  <testcase classname="com.sonichollow.forum.service.PostServiceTests" name="testGetPostByPid on testGetPostByPid(com.sonichollow.forum.service.PostServiceTests)" time="14.125"/>
  <testcase classname="com.sonichollow.forum.service.PostServiceTests" name="testHash on testHash(com.sonichollow.forum.service.PostServiceTests)" time="14.269"/>
  <testcase classname="com.sonichollow.forum.service.PostServiceTests" name="testPublish on testPublish(com.sonichollow.forum.service.PostServiceTests)" time="14.379"/>
  <testcase classname="com.sonichollow.forum.service.PostServiceTests" name="testString on testString(com.sonichollow.forum.service.PostServiceTests)" time="14.441"/>
</testsuite> <!-- Surefire test -->
