<?xml version="1.0" encoding="UTF-8"?>
<!-- Generated by org.testng.reporters.JUnitXMLReporter -->
<testsuite ignored="0" hostname="surface" failures="0" tests="8" name="Surefire test" time="15.784" errors="0" timestamp="2022-05-22T04:44:53 CST">
  <testcase classname="com.sonichollow.forum.service.PostServiceTests" name="testLikeStatus on testLikeStatus(com.sonichollow.forum.service.PostServiceTests)" time="14.214"/>
  <testcase classname="com.sonichollow.forum.service.PostServiceTests" name="testGetCount on testGetCount(com.sonichollow.forum.service.PostServiceTests)" time="14.345"/>
  <testcase classname="com.sonichollow.forum.service.PostServiceTests" name="testClickLikes on testClickLikes(com.sonichollow.forum.service.PostServiceTests)" time="14.485"/>
  <testcase classname="com.sonichollow.forum.service.PostServiceTests" name="testSavePost on testSavePost(com.sonichollow.forum.service.PostServiceTests)" time="14.599"/>
  <testcase classname="com.sonichollow.forum.service.PostServiceTests" name="testGetPostByPid on testGetPostByPid(com.sonichollow.forum.service.PostServiceTests)" time="14.776"/>
  <testcase classname="com.sonichollow.forum.service.PostServiceTests" name="testHash on testHash(com.sonichollow.forum.service.PostServiceTests)" time="14.885"/>
  <testcase classname="com.sonichollow.forum.service.PostServiceTests" name="testPublish on testPublish(com.sonichollow.forum.service.PostServiceTests)" time="14.998"/>
  <testcase classname="com.sonichollow.forum.service.PostServiceTests" name="testString on testString(com.sonichollow.forum.service.PostServiceTests)" time="15.06"/>
</testsuite> <!-- Surefire test -->
